<?xml version="1.0" encoding="UTF-8"?>
<testng-results ignored="0" total="2" passed="2" failed="0" skipped="0">
  <reporter-output>
  </reporter-output>
  <suite started-at="2022-08-23T15:03:34 IST" name="Suite" finished-at="2022-08-23T15:04:26 IST" duration-ms="52279">
    <groups>
    </groups>
    <test started-at="2022-08-23T15:03:34 IST" name="TestChrome" finished-at="2022-08-23T15:04:14 IST" duration-ms="39544">
      <class name="testngpackage.LaunchFirefoxAndChromeTogether">
        <test-method signature="loginFFandCHROME(java.lang.String)[pri:0, instance:testngpackage.LaunchFirefoxAndChromeTogether@434a63ab]" started-at="2022-08-23T15:03:34 IST" name="loginFFandCHROME" finished-at="2022-08-23T15:04:13 IST" duration-ms="39439" status="PASS">
          <params>
            <param index="0">
              <value>
                <![CDATA[chrome]]>
              </value>
            </param>
          </params>
          <reporter-output>
          </reporter-output>
        </test-method> <!-- loginFFandCHROME -->
      </class> <!-- testngpackage.LaunchFirefoxAndChromeTogether -->
    </test> <!-- TestChrome -->
    <test started-at="2022-08-23T15:03:34 IST" name="TestFirefox" finished-at="2022-08-23T15:04:26 IST" duration-ms="52279">
      <class name="testngpackage.LaunchFirefoxAndChromeTogether">
        <test-method signature="loginFFandCHROME(java.lang.String)[pri:0, instance:testngpackage.LaunchFirefoxAndChromeTogether@1e683a3e]" started-at="2022-08-23T15:03:34 IST" name="loginFFandCHROME" finished-at="2022-08-23T15:04:26 IST" duration-ms="52194" status="PASS">
          <params>
            <param index="0">
              <value>
                <![CDATA[firefox]]>
              </value>
            </param>
          </params>
          <reporter-output>
          </reporter-output>
        </test-method> <!-- loginFFandCHROME -->
      </class> <!-- testngpackage.LaunchFirefoxAndChromeTogether -->
    </test> <!-- TestFirefox -->
  </suite> <!-- Suite -->
</testng-results>
